[debug] [2022-12-17T08:19:42.288Z] ----------------------------------------------------------------------
[debug] [2022-12-17T08:19:42.291Z] Command:       C:\Program Files\nodejs\node.exe C:\Users\harsh\AppData\Roaming\npm\node_modules\firebase-tools\lib\bin\firebase.js init
[debug] [2022-12-17T08:19:42.291Z] CLI Version:   11.2.2
[debug] [2022-12-17T08:19:42.292Z] Platform:      win32
[debug] [2022-12-17T08:19:42.292Z] Node Version:  v16.16.0
[debug] [2022-12-17T08:19:42.293Z] Time:          Sat Dec 17 2022 13:49:42 GMT+0530 (India Standard Time)
[debug] [2022-12-17T08:19:42.294Z] ----------------------------------------------------------------------
[debug] 
[debug] [2022-12-17T08:19:42.390Z] > command requires scopes: ["email","openid","https://www.googleapis.com/auth/cloudplatformprojects.readonly","https://www.googleapis.com/auth/firebase","https://www.googleapis.com/auth/cloud-platform"]
[debug] [2022-12-17T08:19:42.391Z] > authorizing via signed-in user (harshkumarkardam258@gmail.com)
[info] 
     ######## #### ########  ######## ########     ###     ######  ########
     ##        ##  ##     ## ##       ##     ##  ##   ##  ##       ##
     ######    ##  ########  ######   ########  #########  ######  ######
     ##        ##  ##    ##  ##       ##     ## ##     ##       ## ##
     ##       #### ##     ## ######## ########  ##     ##  ######  ########

You're about to initialize a Firebase project in this directory:

  D:\Programing and Languages\React Js\Movier\movier

Before we get started, keep in mind:

  * You are initializing within an existing Firebase project directory

[info] 
=== Project Setup
[info] 
[info] First, let's associate this project directory with a Firebase project.
[info] You can create multiple project aliases by running firebase use --add, 
[info] but for now we'll just set up a default project.
[info] 
[debug] [2022-12-17T08:19:53.262Z] Using project from CLI flag: movier-6397
[debug] [2022-12-17T08:19:53.266Z] >>> [apiv2][query] GET https://firebase.googleapis.com/v1beta1/projects/movier-6397 [none]
[debug] [2022-12-17T08:19:54.196Z] <<< [apiv2][status] GET https://firebase.googleapis.com/v1beta1/projects/movier-6397 200
[debug] [2022-12-17T08:19:54.196Z] <<< [apiv2][body] GET https://firebase.googleapis.com/v1beta1/projects/movier-6397 {"projectId":"movier-6397","projectNumber":"1076057044706","displayName":"Movier","name":"projects/movier-6397","resources":{"hostingSite":"movier-6397"},"state":"ACTIVE","etag":"1_5ad6f87d-1b4f-42d7-b37d-9d19c010bf82"}
[info] i  Using project movier-6397 (Movier) 
[info] 
=== Hosting Setup
[info] 
[info] Your public directory is the folder (relative to your project directory) that
[info] will contain Hosting assets to be uploaded with firebase deploy. If you
[info] have a build process for your assets, use your build's output directory.
[info] 
